,number,value,datetime_start,datetime_complete,duration,params_batch_size,params_clip_range,params_ent_coef,params_gae_lambda,params_gamma,params_learning_rate,params_max_grad_norm,params_n_epochs,params_n_steps,params_vf_coef,state
0,0,-1840.0,2021-12-13 12:19:25.254945,2021-12-13 12:20:44.049188,0 days 00:01:18.794243,128,0.1,0.0005275603700272218,0.95,0.999,0.006222066899493698,1.0,1,256,0.24707645911698717,COMPLETE
1,1,-1840.0,2021-12-13 12:20:44.086090,2021-12-13 12:22:29.289692,0 days 00:01:45.203602,32,0.4,0.0007152304684011423,0.99,0.95,0.00022643222890668814,0.3,1,32,0.05808457260175126,COMPLETE
2,2,-250000.0,2021-12-13 12:22:29.318615,2021-12-13 12:39:31.917384,0 days 00:17:02.598769,32,0.1,1.676130668254789e-07,0.9,0.98,0.011940106561882184,2.0,20,2048,0.2875532231104967,COMPLETE
3,3,-1840.0,2021-12-13 12:39:31.948301,2021-12-13 12:53:36.024579,0 days 00:14:04.076278,8,0.3,9.956075004629873e-06,0.92,0.9,1.6811174129121955e-05,5.0,5,512,0.3827305268866611,COMPLETE
4,4,-250000.0,2021-12-13 12:53:36.055497,2021-12-13 12:57:16.303381,0 days 00:03:40.247884,8,0.2,3.56280394718356e-07,0.92,0.95,1.4776287116891601e-05,0.5,1,64,0.24343138816108,COMPLETE
5,5,-250000.0,2021-12-13 12:57:16.346266,2021-12-13 13:01:12.006925,0 days 00:03:55.660659,512,0.4,1.724110686100962e-05,0.92,0.9999,0.4893998877694593,5.0,20,256,0.6449854190994956,PRUNED
6,6,-1840.0,2021-12-13 13:01:12.020888,2021-12-13 13:05:46.825844,0 days 00:04:34.804956,128,0.1,6.096783241446618e-06,0.92,0.9999,0.008149864712666407,0.6,5,32,0.9539264406442098,COMPLETE
7,7,-1850.0,2021-12-13 13:05:46.871721,2021-12-13 13:13:32.695743,0 days 00:07:45.824022,512,0.4,0.0002885171260461847,0.92,0.9999,0.020486596258470685,1.0,5,16,0.4430597866776508,PRUNED
8,8,-250000.0,2021-12-13 13:13:32.708708,2021-12-13 13:16:06.953137,0 days 00:02:34.244429,128,0.3,4.916206739627873e-07,0.99,0.999,2.13607302763854e-05,0.3,20,512,0.5958974812257735,PRUNED
9,9,-250000.0,2021-12-13 13:16:06.966103,2021-12-13 13:18:21.027518,0 days 00:02:14.061415,32,0.4,0.008072939629207387,1.0,0.995,0.023267147402172096,0.9,5,256,0.48519166072314657,PRUNED
10,10,-266.0,2021-12-13 13:18:21.041480,2021-12-13 13:23:18.886808,0 days 00:04:57.845328,64,0.1,0.045925576131152945,0.95,0.999,0.0006518204890976649,1.0,10,1024,0.054120713674576826,COMPLETE
11,11,-198334.0,2021-12-13 13:23:18.918723,2021-12-13 13:25:30.720182,0 days 00:02:11.801459,64,0.1,0.09524935876574885,0.95,0.999,0.0007112334183193905,1.0,10,1024,0.02919895398052358,PRUNED
12,12,-1840.0,2021-12-13 13:25:30.737137,2021-12-13 13:30:22.627394,0 days 00:04:51.890257,64,0.1,0.07667248622688186,0.95,0.999,0.0008611752978119333,1.0,10,128,0.16226772322015712,COMPLETE
13,13,-250000.0,2021-12-13 13:30:22.655319,2021-12-13 13:30:58.145391,0 days 00:00:35.490072,256,0.1,0.0018723632952633192,0.8,0.99,0.15717547836893814,0.7,1,1024,0.14286931676593476,PRUNED
14,14,-1850.0,2021-12-13 13:30:58.165337,2021-12-13 13:58:21.772045,0 days 00:27:23.606708,16,0.2,0.006807719941142119,0.98,0.999,0.00011448519730246271,0.8,10,8,0.009218408114462208,COMPLETE
15,15,-250000.0,2021-12-13 13:58:21.814930,2021-12-13 13:59:04.866776,0 days 00:00:43.051846,64,0.1,1.404374353649736e-08,0.95,0.999,0.0017617958120955551,1.0,1,256,0.3015910174672756,PRUNED
16,16,-1850.0,2021-12-13 13:59:04.881736,2021-12-13 14:02:13.064387,0 days 00:03:08.182651,128,0.1,0.00010364347188170902,0.95,0.9,0.08300286442818901,1.0,10,1024,0.1799815256179959,PRUNED
17,17,-250000.0,2021-12-13 14:02:13.078351,2021-12-13 14:02:56.603928,0 days 00:00:43.525577,256,0.1,0.01110093600258632,0.95,0.995,0.0038271705745337296,0.8,1,64,0.764883253966143,PRUNED
18,18,-1860.0,2021-12-13 14:02:56.617891,2021-12-13 14:15:53.833009,0 days 00:12:57.215118,16,0.3,9.566990530934792e-05,0.9,0.98,0.0002722348793000009,2.0,10,8,0.34400152191386735,PRUNED
19,19,-248970.0,2021-12-13 14:15:53.845974,2021-12-13 14:16:30.384242,0 days 00:00:36.538268,128,0.2,0.001915041949110983,1.0,0.999,8.34179302695875e-05,0.9,1,2048,0.10338073972471998,PRUNED
20,20,-1860.0,2021-12-13 14:16:30.398205,2021-12-13 14:23:32.923042,0 days 00:07:02.524837,64,0.1,0.013867930623182713,0.98,0.99,0.0027809937361926167,0.5,10,16,0.19501593491833713,PRUNED
21,21,-1840.0,2021-12-13 14:23:32.939997,2021-12-13 14:26:27.760390,0 days 00:02:54.820393,64,0.1,0.07677185596315843,0.8,0.9999,0.0006860052661081231,0.6,5,128,0.9541228454369596,COMPLETE
22,22,-1840.0,2021-12-13 14:26:27.789312,2021-12-13 14:31:20.212145,0 days 00:04:52.422833,64,0.1,3.41527900558061e-06,0.95,0.9999,0.0008530048463996772,0.6,10,128,0.9750575776489525,COMPLETE
23,23,-1850.0,2021-12-13 14:31:20.240070,2021-12-13 14:36:15.960083,0 days 00:04:55.720013,64,0.1,0.05691246768461394,0.95,0.999,0.001887005067758204,1.0,10,128,0.14574919030429748,COMPLETE
24,24,-1840.0,2021-12-13 14:36:15.990003,2021-12-13 14:38:00.607174,0 days 00:01:44.617171,32,0.4,0.0011236414765898547,0.99,0.95,0.00020580356702090742,0.3,1,32,0.06745209570568994,COMPLETE
25,25,-1840.0,2021-12-13 14:38:00.636097,2021-12-13 14:43:02.609384,0 days 00:05:01.973287,64,0.1,3.1996739041259926e-06,0.95,0.9999,0.00574014305569608,0.6,10,1024,0.8740666523686212,COMPLETE
26,26,-250000.0,2021-12-13 14:43:02.639304,2021-12-13 14:44:36.845324,0 days 00:01:34.206020,128,0.1,1.779707973743888e-06,0.95,0.999,4.778512369072951e-05,0.7,10,128,0.6194485777397656,PRUNED
27,27,-250000.0,2021-12-13 14:44:36.858288,2021-12-13 14:46:02.650812,0 days 00:01:25.792524,64,0.1,4.6801381937051574e-05,0.8,0.9999,0.0006374682205650722,0.6,5,128,0.9992475369756075,PRUNED
28,28,-250000.0,2021-12-13 14:46:02.664775,2021-12-13 14:47:28.763479,0 days 00:01:26.098704,64,0.2,4.9847389590163e-08,0.8,0.9999,0.00047640662150365395,0.6,5,128,0.8228147463268775,PRUNED
29,29,-1860.0,2021-12-13 14:47:28.776444,2021-12-13 14:48:21.753741,0 days 00:00:52.977297,32,0.4,0.0006357092426760451,0.99,0.95,0.02595908684768069,0.3,1,32,0.2839310085089358,PRUNED
30,30,-1840.0,2021-12-13 14:48:21.766707,2021-12-13 14:50:10.098942,0 days 00:01:48.332235,32,0.4,0.00026535763183435705,0.9,0.98,6.36205694755199e-05,2.0,1,2048,0.05915171827278751,COMPLETE
31,31,-1850.0,2021-12-13 14:50:10.128862,2021-12-13 14:50:57.169039,0 days 00:00:47.040177,32,0.4,0.0016527079610684635,0.99,0.95,0.005589659888366849,0.3,1,1024,0.08246170753404901,PRUNED
32,32,-247734.0,2021-12-13 14:50:57.183002,2021-12-13 14:51:44.684944,0 days 00:00:47.501942,32,0.4,0.00025971777926157125,0.9,0.98,4.178425726426278e-05,2.0,1,2048,0.23161257943581479,PRUNED
33,33,-1850.0,2021-12-13 14:51:44.698907,2021-12-13 15:16:08.634197,0 days 00:24:23.935290,8,0.3,1.4175991459532372e-05,0.92,0.9,1.4926818587431765e-05,5.0,20,512,0.38517273076134323,PRUNED
34,34,130.0,2021-12-13 15:16:08.648159,2021-12-13 16:13:16.582176,0 days 00:57:07.934017,8,0.3,2.6313792155571597e-05,0.92,0.9,0.0002564325775383739,5.0,20,512,0.3702161447185192,COMPLETE
35,35,-1860.0,2021-12-13 16:13:16.613093,2021-12-13 17:11:50.839297,0 days 00:58:34.226204,8,0.3,1.2955651400475381e-06,0.9,0.98,0.0001415488041018832,2.0,20,1024,0.5643327039215871,COMPLETE
36,36,130.0,2021-12-13 17:11:50.875202,2021-12-13 18:08:22.555190,0 days 00:56:31.679988,8,0.3,3.234397046607285e-05,0.92,0.9,0.0002439083530182605,5.0,20,512,0.4157214920366358,COMPLETE
37,37,130.0,2021-12-13 18:08:22.599073,2021-12-13 19:05:51.408253,0 days 00:57:28.809180,8,0.3,4.874256859836394e-05,0.92,0.9,0.00028543596214890905,5.0,20,512,0.40095481938294886,COMPLETE
38,38,130.0,2021-12-13 19:05:51.452137,2021-12-13 20:03:10.161333,0 days 00:57:18.709196,8,0.3,3.155315237028041e-05,0.92,0.9,0.00034689266314760027,5.0,20,512,0.4518151470756077,COMPLETE
39,39,130.0,2021-12-13 20:03:10.190256,2021-12-13 21:00:54.890929,0 days 00:57:44.700673,8,0.3,3.7973028216134084e-05,0.92,0.9,0.00036479929001924144,5.0,20,512,0.4377724774560347,COMPLETE
40,40,-1860.0,2021-12-13 21:00:54.919852,2021-12-13 21:57:30.002738,0 days 00:56:35.082886,8,0.3,3.0126364972707265e-05,0.92,0.9,2.6428658403871088e-05,5.0,20,512,0.5237947917151388,COMPLETE
41,41,-244900.0,2021-12-13 21:57:30.031661,2021-12-13 22:55:05.262665,0 days 00:57:35.231004,8,0.3,7.409383990884241e-05,0.92,0.9,0.00032344490753784694,5.0,20,512,0.4155596844957628,COMPLETE
42,42,-247520.0,2021-12-13 22:55:05.292585,2021-12-13 23:52:46.927459,0 days 00:57:41.634874,8,0.3,2.6387434195235298e-05,0.92,0.9,0.00019355860645723977,5.0,20,512,0.47127705748958604,COMPLETE
43,43,-1850.0,2021-12-13 23:52:46.964361,2021-12-14 00:18:38.108385,0 days 00:25:51.144024,8,0.3,8.638099014263596e-06,0.92,0.9,0.0003935711027940375,5.0,20,512,0.6918504019338148,PRUNED
44,44,-1840.0,2021-12-14 00:18:38.122348,2021-12-14 01:16:00.197541,0 days 00:57:22.075193,8,0.3,0.0001690977872114317,0.92,0.9,0.0016407993887460704,5.0,20,512,0.3449757729298167,COMPLETE
45,45,130.0,2021-12-14 01:16:00.226463,2021-12-14 02:12:51.813206,0 days 00:56:51.586743,8,0.3,4.6695639623095116e-05,0.92,0.9,0.0001252412323998252,5.0,20,512,0.5297999784668908,COMPLETE
46,46,130.0,2021-12-14 02:12:51.843126,2021-12-14 03:12:04.000871,0 days 00:59:12.157745,8,0.3,5.9427865342928903e-05,0.92,0.9,0.00012446234134915816,5.0,20,512,0.5362623729000656,COMPLETE
47,47,-250000.0,2021-12-14 03:12:04.029794,2021-12-14 03:13:33.057663,0 days 00:01:29.027869,512,0.3,7.601114485840905e-06,0.92,0.9,1.0241249476368946e-05,5.0,20,512,0.4304848607614389,PRUNED
48,48,130.0,2021-12-14 03:13:33.071626,2021-12-14 04:10:44.183144,0 days 00:57:11.111518,8,0.3,1.6971950225757095e-05,0.92,0.9,0.00012826772001886376,5.0,20,512,0.5234932587486042,COMPLETE
49,49,-1860.0,2021-12-14 04:10:44.213064,2021-12-14 04:37:00.021118,0 days 00:26:15.808054,8,0.3,8.162580307418893e-07,0.92,0.9,0.00011970727168329599,5.0,20,64,0.5385175396246414,PRUNED
50,50,-250000.0,2021-12-14 04:37:00.035081,2021-12-14 05:02:00.101726,0 days 00:25:00.066645,8,0.3,7.512246348908948e-05,1.0,0.995,3.157530185666112e-05,5.0,20,512,0.7034953181605339,PRUNED
51,51,130.0,2021-12-14 05:02:00.115689,2021-12-14 05:59:13.372469,0 days 00:57:13.256780,8,0.3,1.5678802485079833e-05,0.92,0.9,8.462969268802988e-05,5.0,20,512,0.5024084557896765,COMPLETE
52,52,-1454.0,2021-12-14 05:59:13.419344,2021-12-14 06:56:39.316314,0 days 00:57:25.896970,8,0.3,4.124863349790864e-06,0.92,0.9,7.848750371199041e-05,5.0,20,512,0.5769951784396021,COMPLETE
53,53,-1850.0,2021-12-14 06:56:39.359199,2021-12-14 07:22:12.299914,0 days 00:25:32.940715,8,0.3,1.618501928645005e-05,0.92,0.9,0.0001389359058313276,0.5,20,512,0.4971601440052094,PRUNED
54,54,-1860.0,2021-12-14 07:22:12.313877,2021-12-14 07:35:28.578042,0 days 00:13:16.264165,256,0.3,0.00014847337177084272,0.92,0.9,0.0013959037336476832,0.9,20,16,0.38576568532988825,PRUNED
55,55,130.0,2021-12-14 07:35:28.592004,2021-12-14 08:32:55.035513,0 days 00:57:26.443509,8,0.3,2.2169129832721923e-05,0.92,0.99,0.000258298063665689,5.0,20,256,0.32402891260473227,COMPLETE
56,56,-250000.0,2021-12-14 08:32:55.068425,2021-12-14 08:34:47.020976,0 days 00:01:51.952551,512,0.3,2.9846392348978463e-05,0.92,0.99,0.00024011746338057217,5.0,20,256,0.31661366538620195,PRUNED
57,57,-1840.0,2021-12-14 08:34:47.034939,2021-12-14 09:02:47.786291,0 days 00:28:00.751352,16,0.3,1.6452642654354684e-05,0.98,0.99,5.168584083769548e-05,0.8,20,256,0.6584246080494893,COMPLETE
58,58,-1860.0,2021-12-14 09:02:47.829177,2021-12-14 09:28:56.901248,0 days 00:26:09.072071,8,0.2,5.736204423699759e-06,0.92,0.99,9.820942697425682e-05,0.7,20,8,0.46649921066875377,PRUNED
59,59,-1850.0,2021-12-14 09:28:56.915211,2021-12-14 09:54:50.950503,0 days 00:25:54.035292,8,0.3,0.00047452215716122556,1.0,0.99,3.4533784418062734e-05,5.0,20,256,0.5086868387428916,PRUNED
60,60,-1850.0,2021-12-14 09:54:50.964465,2021-12-14 10:21:07.689067,0 days 00:26:16.724602,8,0.3,4.067763799479925e-05,0.92,0.9,0.0011290064910256642,5.0,20,512,0.4492364182804453,PRUNED
61,61,-1840.0,2021-12-14 10:21:07.703031,2021-12-14 11:21:06.946831,0 days 00:59:59.243800,8,0.3,1.1679219608231507e-05,0.92,0.9,0.881649802265758,5.0,20,512,0.5534065870821498,COMPLETE
62,62,130.0,2021-12-14 11:21:06.990713,2021-12-14 12:18:33.272653,0 days 00:57:26.281940,8,0.3,0.0001242277625942335,0.92,0.995,0.0001651583353240933,5.0,20,512,0.34313164450851746,COMPLETE
63,63,130.0,2021-12-14 12:18:33.302573,2021-12-14 13:16:17.961360,0 days 00:57:44.658787,8,0.3,9.543067911325707e-05,0.92,0.99,0.00018057445921847504,5.0,20,256,0.3480526731040039,COMPLETE
64,64,-250000.0,2021-12-14 13:16:18.002251,2021-12-14 13:18:10.390636,0 days 00:01:52.388385,256,0.3,0.00014027369318956112,0.98,0.995,0.00020481802891345405,0.5,20,256,0.35570093609642683,PRUNED
65,65,-1860.0,2021-12-14 13:18:10.403601,2021-12-14 13:31:49.492714,0 days 00:13:39.089113,16,0.3,0.00032707991624260027,0.92,0.995,0.0005012969744539916,0.9,20,256,0.32556684428204063,PRUNED
66,66,-1850.0,2021-12-14 13:31:49.507675,2021-12-14 13:46:06.538303,0 days 00:14:17.030628,8,0.2,7.11138181920659e-05,0.92,0.995,6.75230570940157e-05,5.0,5,16,0.2516102190482195,COMPLETE
67,67,-1860.0,2021-12-14 13:46:06.568223,2021-12-14 14:11:42.888897,0 days 00:25:36.320674,8,0.3,6.336382548735769e-05,0.92,0.9,0.0001043893541093218,0.8,20,512,0.6027135634532492,PRUNED
68,68,130.0,2021-12-14 14:11:42.902860,2021-12-14 14:17:16.124564,0 days 00:05:33.221704,128,0.3,5.029685605254931e-06,0.92,0.9,0.0004466812273326472,5.0,20,512,0.40529602991997876,COMPLETE
69,69,130.0,2021-12-14 14:17:16.156478,2021-12-14 15:16:51.559049,0 days 00:59:35.402571,8,0.3,2.155717187409145e-07,0.8,0.99,0.00018481039231109823,0.7,20,256,0.2692454738420993,COMPLETE
70,70,-250000.0,2021-12-14 15:16:51.590963,2021-12-14 15:21:02.589596,0 days 00:04:10.998633,512,0.3,2.237457804702611e-06,0.99,0.99,2.1556308985952213e-05,5.0,20,64,0.366836221052967,PRUNED
71,71,130.0,2021-12-14 15:21:02.604556,2021-12-14 16:18:22.414807,0 days 00:57:19.810251,8,0.3,1.559309942151872e-08,0.8,0.9,0.0003562954157790731,0.7,20,512,0.43622410794442984,COMPLETE
72,72,130.0,2021-12-14 16:18:22.445724,2021-12-14 17:15:28.382084,0 days 00:57:05.936360,8,0.3,1.5180547889404066e-08,0.8,0.9,0.0003082690124385318,0.7,20,512,0.45265962140311516,COMPLETE
73,73,130.0,2021-12-14 17:15:28.413002,2021-12-14 17:20:59.909321,0 days 00:05:31.496319,128,0.3,6.995360676735656e-08,0.8,0.99,0.0006043639060095265,0.7,20,256,0.2553018204402924,COMPLETE
74,74,-1850.0,2021-12-14 17:20:59.941236,2021-12-14 17:23:36.482521,0 days 00:02:36.541285,128,0.3,2.5089443563912864e-07,0.8,0.99,0.0001775199168208769,0.7,20,256,0.27413690605985114,PRUNED
75,75,-1860.0,2021-12-14 17:23:36.496484,2021-12-14 17:24:37.356696,0 days 00:01:00.860212,128,0.3,6.739619114966051e-08,0.92,0.95,0.0010032963025561677,5.0,5,512,0.20576892919485723,PRUNED
76,76,-1850.0,2021-12-14 17:24:37.370659,2021-12-14 17:50:08.162122,0 days 00:25:30.791463,8,0.2,4.385857733719264e-05,0.92,0.9,0.003290094251175581,5.0,20,512,0.39566417074221744,PRUNED
77,77,-1840.0,2021-12-14 17:50:08.175088,2021-12-14 18:16:09.714308,0 days 00:26:01.539220,8,0.3,4.558770779461332e-05,0.92,0.9,5.707845233134327e-05,5.0,20,32,0.4816554269079937,PRUNED
78,78,-250000.0,2021-12-14 18:16:09.729268,2021-12-14 18:42:34.575147,0 days 00:26:24.845879,8,0.3,9.807872241361328e-06,0.92,0.9,0.0007795222644691213,5.0,20,512,0.5288244653547929,PRUNED
79,79,-1850.0,2021-12-14 18:42:34.589110,2021-12-14 19:07:58.333423,0 days 00:25:23.744313,8,0.3,2.330153470546546e-05,0.92,0.9,0.00012539673303519835,0.3,20,512,0.4197561943294611,PRUNED
80,80,-1860.0,2021-12-14 19:07:58.347386,2021-12-14 19:34:04.773534,0 days 00:26:06.426148,8,0.4,0.00024707485856296634,1.0,0.9,0.0002888237687789951,1.0,20,8,0.6350616733922998,PRUNED
81,81,-1860.0,2021-12-14 19:34:04.787497,2021-12-14 20:00:27.520030,0 days 00:26:22.732533,8,0.3,1.7784076854891488e-05,0.92,0.9,9.175060046453368e-05,5.0,20,512,0.5036391355495369,PRUNED
82,82,-1860.0,2021-12-14 20:00:27.533992,2021-12-14 20:26:38.231715,0 days 00:26:10.697723,8,0.3,2.2686129655826124e-05,0.92,0.9,7.69255791906022e-05,5.0,20,512,0.5548199720291586,PRUNED
83,83,-250000.0,2021-12-14 20:26:38.247672,2021-12-14 20:28:53.809075,0 days 00:02:15.561403,128,0.3,4.767459106265708e-06,0.92,0.995,0.00015933733031578434,5.0,20,2048,0.5880269816520466,PRUNED
84,84,-1850.0,2021-12-14 20:28:53.823038,2021-12-14 20:31:27.168871,0 days 00:02:33.345833,128,0.3,0.00012106965023781269,0.92,0.98,0.0004949421918993712,5.0,20,512,0.4103275271173703,PRUNED
85,85,-250000.0,2021-12-14 20:31:27.185825,2021-12-14 20:33:17.087861,0 days 00:01:49.902036,256,0.3,5.915272275589866e-05,0.9,0.995,4.42916590602542e-05,5.0,20,512,0.29763801788946564,PRUNED
86,86,130.0,2021-12-14 20:33:17.101824,2021-12-14 21:02:47.073531,0 days 00:29:29.971707,16,0.3,0.0009796492605499121,0.92,0.9,0.00013551787810247123,5.0,20,512,0.40195617579377413,COMPLETE
87,87,-1860.0,2021-12-14 21:02:47.103452,2021-12-14 21:09:40.244389,0 days 00:06:53.140937,16,0.3,0.005700394102443088,0.92,0.9,0.00023961294035828885,2.0,10,32,0.49019954404176613,PRUNED
88,88,-1840.0,2021-12-14 21:09:40.261344,2021-12-14 21:10:41.541432,0 days 00:01:01.280088,128,0.3,9.367273386917167e-08,0.8,0.99,0.0005857226970040275,0.7,5,256,0.25403043534547515,PRUNED
89,89,130.0,2021-12-14 21:10:41.555395,2021-12-14 22:04:47.355581,0 days 00:54:05.800186,8,0.3,1.1880773544420878e-05,0.92,0.9,0.0002809271292537296,5.0,20,512,0.5191011057894365,COMPLETE
90,90,-1850.0,2021-12-14 22:04:47.384504,2021-12-14 22:30:57.776046,0 days 00:26:10.391542,8,0.3,7.260301029134085e-06,0.99,0.9,0.0003913257470783857,0.5,20,512,0.5341449333543578,PRUNED
91,91,130.0,2021-12-14 22:30:57.793000,2021-12-14 23:28:34.627714,0 days 00:57:36.834714,8,0.3,3.307401543733525e-05,0.92,0.9,9.947690525470709e-05,5.0,20,512,0.46052062932873206,COMPLETE
92,92,130.0,2021-12-14 23:28:34.656637,2021-12-15 00:25:43.630871,0 days 00:57:08.974234,8,0.3,0.0001924320927239769,0.92,0.999,6.663715091986175e-05,5.0,20,512,0.3279624489626609,COMPLETE
93,93,-1848.0,2021-12-15 00:25:43.662786,2021-12-15 00:51:47.219609,0 days 00:26:03.556823,8,0.3,3.519391135255469e-05,0.92,0.9999,0.00010819313076357666,5.0,20,512,0.4545176396632563,PRUNED
94,94,-1840.0,2021-12-15 00:51:47.233573,2021-12-15 00:53:35.867002,0 days 00:01:48.633429,8,0.3,0.00020812645754197186,0.98,0.999,0.013355489393461895,5.0,1,64,0.3787931443998712,PRUNED
95,95,-1860.0,2021-12-15 00:53:35.880965,2021-12-15 01:06:52.978899,0 days 00:13:17.097934,16,0.4,1.3874610895340498e-08,0.8,0.95,0.00045444421856051303,0.7,20,16,0.3617161873292588,PRUNED
96,96,-1850.0,2021-12-15 01:06:52.992862,2021-12-15 01:19:51.325989,0 days 00:12:58.333127,16,0.3,2.885666993439968e-06,0.92,0.9,0.0001322328647768827,0.6,20,512,0.5152163424180558,PRUNED
97,97,-1846.0,2021-12-15 01:19:51.339952,2021-12-15 01:45:44.813745,0 days 00:25:53.473793,8,0.2,1.8827395885923345e-05,0.92,0.9,0.00023816923895035277,0.9,20,8,0.31220258741867235,PRUNED
98,98,-1850.0,2021-12-15 01:45:44.826710,2021-12-15 02:09:47.267493,0 days 00:24:02.440783,8,0.3,9.446941565616181e-05,0.92,0.995,0.00022224776202827565,0.8,20,1024,0.4717069414919423,PRUNED
99,99,130.0,2021-12-15 02:09:47.281455,2021-12-15 02:25:48.674936,0 days 00:16:01.393481,32,0.3,0.00044259511035929364,0.8,0.999,0.000633993783048049,0.7,20,256,0.3338015345863361,COMPLETE
